<?xml version="1.0" encoding="UTF-8"?>
<!-- Generated by org.testng.reporters.JUnitReportReporter -->
<testsuite hostname="lenovo" failures="0" tests="6" name="login_Page.SampleTest" time="0.016" errors="0" timestamp="5 Jul 2018 13:53:40 GMT">
  <testcase classname="login_Page.SampleTest" name="test01" time="0.000"/>
  <testcase classname="login_Page.SampleTest" name="test03" time="0.000"/>
  <testcase classname="login_Page.SampleTest" name="test02" time="0.000"/>
  <testcase classname="login_Page.SampleTest" name="test03" time="0.000"/>
  <testcase classname="login_Page.SampleTest" name="test02" time="0.000"/>
  <testcase classname="login_Page.SampleTest" name="test01" time="0.016"/>
</testsuite> <!-- login_Page.SampleTest -->
