<?xml version="1.0" encoding="UTF-8"?>
<!-- Generated by org.testng.reporters.JUnitReportReporter -->
<testsuite hostname="lenovo" failures="0" tests="1" name="testBase.TestBase" time="7.454" errors="0" timestamp="4 Jul 2018 11:03:23 GMT">
  <testcase classname="testBase.TestBase" name="getLoginPageObject" time="7.454"/>
</testsuite> <!-- testBase.TestBase -->
