<?xml version="1.0" encoding="UTF-8"?>
<!-- Generated by org.testng.reporters.JUnitReportReporter -->
<testsuite hostname="lenovo" failures="0" tests="1" name="MouseHoverExample" time="15.428" errors="0" timestamp="9 Jul 2018 10:03:40 GMT">
  <testcase classname="MouseHoverExample" name="testouseOver" time="15.428"/>
</testsuite> <!-- MouseHoverExample -->
