<?xml version="1.0" encoding="UTF-8"?>
<!-- Generated by org.testng.reporters.JUnitReportReporter -->
<testsuite hostname="lenovo" failures="0" tests="1" name="login_Page.TestPage" time="0.016" errors="0" timestamp="3 Jul 2018 16:48:28 GMT">
  <testcase classname="login_Page.TestPage" name="TestOne" time="0.016"/>
</testsuite> <!-- login_Page.TestPage -->
