<?xml version="1.0" encoding="UTF-8"?>
<!-- Generated by org.testng.reporters.JUnitReportReporter -->
<testsuite hostname="lenovo" failures="0" tests="1" name="login_Page.TestPage2" time="0.003" errors="0" timestamp="3 Jul 2018 16:48:05 GMT">
  <testcase classname="login_Page.TestPage2" name="TestSix" time="0.003"/>
</testsuite> <!-- login_Page.TestPage2 -->
