<?xml version="1.0" encoding="UTF-8"?>
<!-- Generated by org.testng.reporters.JUnitReportReporter -->
<testsuite hostname="lenovo" failures="0" tests="1" name="MouseHover" time="12.086" errors="0" timestamp="9 Jul 2018 10:14:49 GMT">
  <testcase classname="MouseHover" name="mouseHover" time="12.086"/>
</testsuite> <!-- MouseHover -->
