<?xml version="1.0" encoding="UTF-8"?>
<!-- Generated by org.testng.reporters.JUnitReportReporter -->
<testsuite hostname="lenovo" failures="0" tests="3" name="login_Page.TestLoginPage" time="26.482" errors="0" timestamp="8 Jul 2018 09:18:46 GMT">
  <testcase classname="login_Page.TestLoginPage" name="test_LoginPage" time="8.520"/>
  <testcase classname="login_Page.TestLoginPage" name="test_LoginPage" time="9.764"/>
  <testcase classname="login_Page.TestLoginPage" name="test_LoginPage" time="8.198"/>
</testsuite> <!-- login_Page.TestLoginPage -->
